{"__type":"$$EventMessageWorkflow","id":"7c7c3865-0b8c-4836-9aef-b57398abf03c","ts":"2025-06-08T00:21:55.725+00:00","eventName":"n8n.workflow.started","message":"n8n.workflow.started","payload":{"executionId":"6","workflowId":"XlcQLSPtfmeWoOBi","isManual":false,"workflowName":"My workflow"}}
{"__type":"$$EventMessageConfirm","confirm":"7c7c3865-0b8c-4836-9aef-b57398abf03c","ts":"2025-06-08T00:21:55.726+00:00","source":{"id":"0","name":"eventBus"}}
{"__type":"$$EventMessageNode","id":"9cc71d3d-d870-4344-b93f-f5b12da786db","ts":"2025-06-08T00:21:55.727+00:00","eventName":"n8n.node.started","message":"n8n.node.started","payload":{"workflowId":"XlcQLSPtfmeWoOBi","workflowName":"My workflow","executionId":"6","nodeType":"n8n-nodes-base.scheduleTrigger","nodeName":"Schedule Trigger"}}
{"__type":"$$EventMessageConfirm","confirm":"9cc71d3d-d870-4344-b93f-f5b12da786db","ts":"2025-06-08T00:21:55.727+00:00","source":{"id":"0","name":"eventBus"}}
{"__type":"$$EventMessageNode","id":"f189d23c-66ea-4181-9019-fffe7e8b7dfc","ts":"2025-06-08T00:21:55.737+00:00","eventName":"n8n.node.finished","message":"n8n.node.finished","payload":{"workflowId":"XlcQLSPtfmeWoOBi","workflowName":"My workflow","executionId":"6","nodeType":"n8n-nodes-base.scheduleTrigger","nodeName":"Schedule Trigger"}}
{"__type":"$$EventMessageConfirm","confirm":"f189d23c-66ea-4181-9019-fffe7e8b7dfc","ts":"2025-06-08T00:21:55.737+00:00","source":{"id":"0","name":"eventBus"}}
{"__type":"$$EventMessageNode","id":"defa7574-a135-4a70-aa42-55496d175c3a","ts":"2025-06-08T00:21:55.737+00:00","eventName":"n8n.node.started","message":"n8n.node.started","payload":{"workflowId":"XlcQLSPtfmeWoOBi","workflowName":"My workflow","executionId":"6","nodeType":"n8n-nodes-base.executeCommand","nodeName":"Execute Command"}}
{"__type":"$$EventMessageConfirm","confirm":"defa7574-a135-4a70-aa42-55496d175c3a","ts":"2025-06-08T00:21:55.737+00:00","source":{"id":"0","name":"eventBus"}}
{"__type":"$$EventMessageNode","id":"cd938af1-2444-4aeb-91d8-07b591496f78","ts":"2025-06-08T00:21:59.586+00:00","eventName":"n8n.node.finished","message":"n8n.node.finished","payload":{"workflowId":"XlcQLSPtfmeWoOBi","workflowName":"My workflow","executionId":"6","nodeType":"n8n-nodes-base.executeCommand","nodeName":"Execute Command"}}
{"__type":"$$EventMessageConfirm","confirm":"cd938af1-2444-4aeb-91d8-07b591496f78","ts":"2025-06-08T00:21:59.587+00:00","source":{"id":"0","name":"eventBus"}}
{"__type":"$$EventMessageWorkflow","id":"717a0e3e-213f-49bd-a604-bbf514fb73fc","ts":"2025-06-08T00:21:59.590+00:00","eventName":"n8n.workflow.failed","message":"n8n.workflow.failed","payload":{"executionId":"6","userId":"507848ce-9543-411f-bb93-4cfe034b4215","success":false,"isManual":true,"workflowId":"XlcQLSPtfmeWoOBi","workflowName":"My workflow","lastNodeExecuted":"Execute Command","errorNodeType":"n8n-nodes-base.executeCommand","errorMessage":"Command failed: node /home/node/scrape/scrape.js\n\n2025-06-08T00:21:59.566Z scraper:error [\n  {\n    param: 'options.filters.time',\n    reason: 'Must be one of , r86400, r604800, r2592000'\n  }\n]\n"}}
{"__type":"$$EventMessageConfirm","confirm":"717a0e3e-213f-49bd-a604-bbf514fb73fc","ts":"2025-06-08T00:21:59.590+00:00","source":{"id":"0","name":"eventBus"}}
{"__type":"$$EventMessageWorkflow","id":"e0514d0a-b8d9-42ce-b4a6-a66c7f4cd8ab","ts":"2025-06-08T00:23:44.929+00:00","eventName":"n8n.workflow.started","message":"n8n.workflow.started","payload":{"executionId":"7","workflowId":"XlcQLSPtfmeWoOBi","isManual":false,"workflowName":"My workflow"}}
{"__type":"$$EventMessageConfirm","confirm":"e0514d0a-b8d9-42ce-b4a6-a66c7f4cd8ab","ts":"2025-06-08T00:23:44.929+00:00","source":{"id":"0","name":"eventBus"}}
{"__type":"$$EventMessageNode","id":"8262d12f-64fe-4357-acd5-6dc991562b95","ts":"2025-06-08T00:23:44.930+00:00","eventName":"n8n.node.started","message":"n8n.node.started","payload":{"workflowId":"XlcQLSPtfmeWoOBi","workflowName":"My workflow","executionId":"7","nodeType":"n8n-nodes-base.executeCommand","nodeName":"Execute Command"}}
{"__type":"$$EventMessageConfirm","confirm":"8262d12f-64fe-4357-acd5-6dc991562b95","ts":"2025-06-08T00:23:44.930+00:00","source":{"id":"0","name":"eventBus"}}
{"__type":"$$EventMessageNode","id":"55fb1701-a976-41d6-9a77-18c32d063816","ts":"2025-06-08T00:23:48.903+00:00","eventName":"n8n.node.finished","message":"n8n.node.finished","payload":{"workflowId":"XlcQLSPtfmeWoOBi","workflowName":"My workflow","executionId":"7","nodeType":"n8n-nodes-base.executeCommand","nodeName":"Execute Command"}}
{"__type":"$$EventMessageConfirm","confirm":"55fb1701-a976-41d6-9a77-18c32d063816","ts":"2025-06-08T00:23:48.903+00:00","source":{"id":"0","name":"eventBus"}}
{"__type":"$$EventMessageWorkflow","id":"3072a71a-8718-4ace-9f55-f8b0a0953132","ts":"2025-06-08T00:23:48.906+00:00","eventName":"n8n.workflow.failed","message":"n8n.workflow.failed","payload":{"executionId":"7","userId":"507848ce-9543-411f-bb93-4cfe034b4215","success":false,"isManual":true,"workflowId":"XlcQLSPtfmeWoOBi","workflowName":"My workflow","lastNodeExecuted":"Execute Command","errorNodeType":"n8n-nodes-base.executeCommand","errorMessage":"Command failed: node /home/node/scrape/scrape.js\n\n2025-06-08T00:23:48.890Z scraper:error [\n  {\n    param: 'options.filters.time',\n    reason: 'Must be one of , r86400, r604800, r2592000'\n  }\n]\n"}}
{"__type":"$$EventMessageConfirm","confirm":"3072a71a-8718-4ace-9f55-f8b0a0953132","ts":"2025-06-08T00:23:48.906+00:00","source":{"id":"0","name":"eventBus"}}
