{"__type":"$$EventMessageWorkflow","id":"86857715-3268-4966-9c9d-7b4ae8c9f183","ts":"2025-06-08T00:31:04.708+00:00","eventName":"n8n.workflow.started","message":"n8n.workflow.started","payload":{"executionId":"9","workflowId":"XlcQLSPtfmeWoOBi","isManual":false,"workflowName":"My workflow"}}
{"__type":"$$EventMessageConfirm","confirm":"86857715-3268-4966-9c9d-7b4ae8c9f183","ts":"2025-06-08T00:31:04.709+00:00","source":{"id":"0","name":"eventBus"}}
{"__type":"$$EventMessageNode","id":"2739b25b-4229-46d4-8266-3f4f3eb8542d","ts":"2025-06-08T00:31:04.711+00:00","eventName":"n8n.node.started","message":"n8n.node.started","payload":{"workflowId":"XlcQLSPtfmeWoOBi","workflowName":"My workflow","executionId":"9","nodeType":"n8n-nodes-base.executeCommand","nodeName":"Execute Command"}}
{"__type":"$$EventMessageConfirm","confirm":"2739b25b-4229-46d4-8266-3f4f3eb8542d","ts":"2025-06-08T00:31:04.711+00:00","source":{"id":"0","name":"eventBus"}}
{"__type":"$$EventMessageNode","id":"9092a2a5-c6e5-4ae7-aa9f-9cfaeacfbcc9","ts":"2025-06-08T00:31:08.554+00:00","eventName":"n8n.node.finished","message":"n8n.node.finished","payload":{"workflowId":"XlcQLSPtfmeWoOBi","workflowName":"My workflow","executionId":"9","nodeType":"n8n-nodes-base.executeCommand","nodeName":"Execute Command"}}
{"__type":"$$EventMessageConfirm","confirm":"9092a2a5-c6e5-4ae7-aa9f-9cfaeacfbcc9","ts":"2025-06-08T00:31:08.554+00:00","source":{"id":"0","name":"eventBus"}}
{"__type":"$$EventMessageWorkflow","id":"e87206e3-90bf-481a-aea2-2b240b6b970d","ts":"2025-06-08T00:31:08.559+00:00","eventName":"n8n.workflow.failed","message":"n8n.workflow.failed","payload":{"executionId":"9","userId":"507848ce-9543-411f-bb93-4cfe034b4215","success":false,"isManual":true,"workflowId":"XlcQLSPtfmeWoOBi","workflowName":"My workflow","lastNodeExecuted":"Execute Command","errorNodeType":"n8n-nodes-base.executeCommand","errorMessage":"Command failed: node /home/node/scrape/scrape.js\n2025-06-08T00:31:08.519Z scraper:error [\n  {\n    param: 'options.filters.time',\n    reason: 'Must be one of , r86400, r604800, r2592000'\n  }\n]\n"}}
{"__type":"$$EventMessageConfirm","confirm":"e87206e3-90bf-481a-aea2-2b240b6b970d","ts":"2025-06-08T00:31:08.559+00:00","source":{"id":"0","name":"eventBus"}}
{"__type":"$$EventMessageWorkflow","id":"405559e7-1127-4797-a5ab-7297fcfc6dde","ts":"2025-06-08T00:31:47.035+00:00","eventName":"n8n.workflow.started","message":"n8n.workflow.started","payload":{"executionId":"10","workflowId":"XlcQLSPtfmeWoOBi","isManual":false,"workflowName":"My workflow"}}
{"__type":"$$EventMessageConfirm","confirm":"405559e7-1127-4797-a5ab-7297fcfc6dde","ts":"2025-06-08T00:31:47.035+00:00","source":{"id":"0","name":"eventBus"}}
{"__type":"$$EventMessageNode","id":"6d342998-98d2-411c-9ecd-daf7c44e5baa","ts":"2025-06-08T00:31:47.036+00:00","eventName":"n8n.node.started","message":"n8n.node.started","payload":{"workflowId":"XlcQLSPtfmeWoOBi","workflowName":"My workflow","executionId":"10","nodeType":"n8n-nodes-base.scheduleTrigger","nodeName":"Schedule Trigger"}}
{"__type":"$$EventMessageConfirm","confirm":"6d342998-98d2-411c-9ecd-daf7c44e5baa","ts":"2025-06-08T00:31:47.036+00:00","source":{"id":"0","name":"eventBus"}}
{"__type":"$$EventMessageNode","id":"ad2b8dff-0d28-4e54-ae35-9bfe4ec6af70","ts":"2025-06-08T00:31:47.050+00:00","eventName":"n8n.node.finished","message":"n8n.node.finished","payload":{"workflowId":"XlcQLSPtfmeWoOBi","workflowName":"My workflow","executionId":"10","nodeType":"n8n-nodes-base.scheduleTrigger","nodeName":"Schedule Trigger"}}
{"__type":"$$EventMessageConfirm","confirm":"ad2b8dff-0d28-4e54-ae35-9bfe4ec6af70","ts":"2025-06-08T00:31:47.050+00:00","source":{"id":"0","name":"eventBus"}}
{"__type":"$$EventMessageNode","id":"8cccf5c5-6067-43d6-aefd-5b1036d88742","ts":"2025-06-08T00:31:47.051+00:00","eventName":"n8n.node.started","message":"n8n.node.started","payload":{"workflowId":"XlcQLSPtfmeWoOBi","workflowName":"My workflow","executionId":"10","nodeType":"n8n-nodes-base.executeCommand","nodeName":"Execute Command"}}
{"__type":"$$EventMessageConfirm","confirm":"8cccf5c5-6067-43d6-aefd-5b1036d88742","ts":"2025-06-08T00:31:47.051+00:00","source":{"id":"0","name":"eventBus"}}
{"__type":"$$EventMessageNode","id":"abd24ec7-60be-47e1-8d98-be07bf71afe0","ts":"2025-06-08T00:31:51.568+00:00","eventName":"n8n.node.finished","message":"n8n.node.finished","payload":{"workflowId":"XlcQLSPtfmeWoOBi","workflowName":"My workflow","executionId":"10","nodeType":"n8n-nodes-base.executeCommand","nodeName":"Execute Command"}}
{"__type":"$$EventMessageConfirm","confirm":"abd24ec7-60be-47e1-8d98-be07bf71afe0","ts":"2025-06-08T00:31:51.568+00:00","source":{"id":"0","name":"eventBus"}}
{"__type":"$$EventMessageWorkflow","id":"a2a57de0-2eae-40aa-b53b-8db6622ec62f","ts":"2025-06-08T00:31:51.571+00:00","eventName":"n8n.workflow.failed","message":"n8n.workflow.failed","payload":{"executionId":"10","userId":"507848ce-9543-411f-bb93-4cfe034b4215","success":false,"isManual":true,"workflowId":"XlcQLSPtfmeWoOBi","workflowName":"My workflow","lastNodeExecuted":"Execute Command","errorNodeType":"n8n-nodes-base.executeCommand","errorMessage":"Command failed: node /home/node/scrape/scrape.js\n2025-06-08T00:31:51.557Z scraper:error [\n  {\n    param: 'options.filters.time',\n    reason: 'Must be one of , r86400, r604800, r2592000'\n  }\n]\n"}}
{"__type":"$$EventMessageConfirm","confirm":"a2a57de0-2eae-40aa-b53b-8db6622ec62f","ts":"2025-06-08T00:31:51.571+00:00","source":{"id":"0","name":"eventBus"}}
